{"numTotalTestSuites":4,"numPassedTestSuites":4,"numFailedTestSuites":0,"numPendingTestSuites":0,"numTotalTests":17,"numPassedTests":17,"numFailedTests":0,"numPendingTests":0,"numTodoTests":0,"snapshot":{"added":0,"failure":false,"filesAdded":0,"filesRemoved":0,"filesRemovedList":[],"filesUnmatched":0,"filesUpdated":0,"matched":0,"total":0,"unchecked":0,"uncheckedKeysByFile":[],"unmatched":0,"updated":0,"didUpdate":false},"startTime":1783632265182,"success":true,"testResults":[{"assertionResults":[{"ancestorTitles":["POST /api/auth/register"],"fullName":"POST /api/auth/register создаёт тенант, владельца, кред и сессию (201 + Set-Cookie)","status":"passed","title":"создаёт тенант, владельца, кред и сессию (201 + Set-Cookie)","duration":56.33190000000013,"failureMessages":[],"meta":{}},{"ancestorTitles":["POST /api/auth/register"],"fullName":"POST /api/auth/register возвращает 409 email_taken для занятого email","status":"passed","title":"возвращает 409 email_taken для занятого email","duration":33.84469999999965,"failureMessages":[],"meta":{}},{"ancestorTitles":["POST /api/auth/register"],"fullName":"POST /api/auth/register возвращает 400 weak_password для слабого пароля","status":"passed","title":"возвращает 400 weak_password для слабого пароля","duration":5.738200000000688,"failureMessages":[],"meta":{}},{"ancestorTitles":["POST /api/auth/register"],"fullName":"POST /api/auth/register возвращает 400 invalid_registration_payload для битого тела","status":"passed","title":"возвращает 400 invalid_registration_payload для битого тела","duration":3.8288000000002285,"failureMessages":[],"meta":{}},{"ancestorTitles":["POST /api/auth/register"],"fullName":"POST /api/auth/register возвращает 403 без заголовка same-origin","status":"passed","title":"возвращает 403 без заголовка same-origin","duration":3.782999999999447,"failureMessages":[],"meta":{}},{"ancestorTitles":["POST /api/auth/password-reset/request"],"fullName":"POST /api/auth/password-reset/request всегда возвращает 202 и шлёт rawToken для существующего email","status":"passed","title":"всегда возвращает 202 и шлёт rawToken для существующего email","duration":43.7497000000003,"failureMessages":[],"meta":{}},{"ancestorTitles":["POST /api/auth/password-reset/request"],"fullName":"POST /api/auth/password-reset/request проходит полный password reset happy path через доставленный rawToken и логин новым паролем","status":"passed","title":"проходит полный password reset happy path через доставленный rawToken и логин новым паролем","duration":148.4391000000005,"failureMessages":[],"meta":{}},{"ancestorTitles":["POST /api/auth/password-reset/request"],"fullName":"POST /api/auth/password-reset/request возвращает 202 delivery email и resetUrl через smtp-like provider для существующего email","status":"passed","title":"возвращает 202 delivery email и resetUrl через smtp-like provider для существующего email","duration":39.36269999999968,"failureMessages":[],"meta":{}},{"ancestorTitles":["POST /api/auth/password-reset/request"],"fullName":"POST /api/auth/password-reset/request возвращает 202 без создания токена для несуществующего email","status":"passed","title":"возвращает 202 без создания токена для несуществующего email","duration":3.6969000000008236,"failureMessages":[],"meta":{}},{"ancestorTitles":["POST /api/auth/password-reset/request"],"fullName":"POST /api/auth/password-reset/request возвращает 400 invalid_email для битого email","status":"passed","title":"возвращает 400 invalid_email для битого email","duration":3.1815999999998894,"failureMessages":[],"meta":{}},{"ancestorTitles":["POST /api/auth/password-reset/confirm"],"fullName":"POST /api/auth/password-reset/confirm меняет пароль, гасит сессии и помечает токен использованным (200)","status":"passed","title":"меняет пароль, гасит сессии и помечает токен использованным (200)","duration":100.24619999999959,"failureMessages":[],"meta":{}},{"ancestorTitles":["POST /api/auth/password-reset/confirm"],"fullName":"POST /api/auth/password-reset/confirm возвращает 400 invalid_reset_token для неизвестного токена","status":"passed","title":"возвращает 400 invalid_reset_token для неизвестного токена","duration":2.725100000000566,"failureMessages":[],"meta":{}},{"ancestorTitles":["POST /api/auth/password-reset/confirm"],"fullName":"POST /api/auth/password-reset/confirm возвращает 400 token_expired для истёкшего токена","status":"passed","title":"возвращает 400 token_expired для истёкшего токена","duration":53.13000000000011,"failureMessages":[],"meta":{}},{"ancestorTitles":["POST /api/auth/password-reset/confirm"],"fullName":"POST /api/auth/password-reset/confirm возвращает 400 reset_token_used для уже использованного токена","status":"passed","title":"возвращает 400 reset_token_used для уже использованного токена","duration":48.45179999999982,"failureMessages":[],"meta":{}},{"ancestorTitles":["POST /api/auth/password-reset/confirm"],"fullName":"POST /api/auth/password-reset/confirm возвращает 400 reset_token_used при повторном confirm того же токена после успешной смены пароля","status":"passed","title":"возвращает 400 reset_token_used при повторном confirm того же токена после успешной смены пароля","duration":72.79509999999937,"failureMessages":[],"meta":{}},{"ancestorTitles":["POST /api/auth/password-reset/confirm"],"fullName":"POST /api/auth/password-reset/confirm конкурентно принимает один valid token ровно один раз, второй confirm получает reset_token_used","status":"passed","title":"конкурентно принимает один valid token ровно один раз, второй confirm получает reset_token_used","duration":130.3141999999998,"failureMessages":[],"meta":{}},{"ancestorTitles":["POST /api/auth/password-reset/confirm"],"fullName":"POST /api/auth/password-reset/confirm возвращает 400 weak_password при слабом новом пароле","status":"passed","title":"возвращает 400 weak_password при слабом новом пароле","duration":53.74459999999999,"failureMessages":[],"meta":{}}],"startTime":1783632269533,"endTime":1783632270338.7446,"status":"passed","message":"","name":"E:/KISS-PM/apps/api/src/authRegistrationRoutes.test.ts"}]}