{"numTotalTestSuites":4,"numPassedTestSuites":4,"numFailedTestSuites":0,"numPendingTestSuites":0,"numTotalTests":50,"numPassedTests":50,"numFailedTests":0,"numPendingTests":0,"numTodoTests":0,"snapshot":{"added":0,"failure":false,"filesAdded":0,"filesRemoved":0,"filesRemovedList":[],"filesUnmatched":0,"filesUpdated":0,"matched":0,"total":0,"unchecked":0,"uncheckedKeysByFile":[],"unmatched":0,"updated":0,"didUpdate":false},"startTime":1783638152163,"success":true,"testResults":[{"assertionResults":[{"ancestorTitles":["planning API routes"],"fullName":"planning API routes exposes task CRUD records through planning read-model and applies dependency commands with versioned audit","status":"passed","title":"exposes task CRUD records through planning read-model and applies dependency commands with versioned audit","duration":2805.8025000000002,"failureMessages":[],"meta":{}},{"ancestorTitles":["planning API routes"],"fullName":"planning API routes requires resource management permission when task creation includes assignments","status":"passed","title":"requires resource management permission when task creation includes assignments","duration":1012.6896999999999,"failureMessages":[],"meta":{}},{"ancestorTitles":["planning API routes"],"fullName":"planning API routes normalizes an unknown task.create statusId to the tenant initial status","status":"passed","title":"normalizes an unknown task.create statusId to the tenant initial status","duration":1309.0422000000008,"failureMessages":[],"meta":{}},{"ancestorTitles":["planning API routes"],"fullName":"planning API routes persists task.update_progress percentComplete","status":"passed","title":"persists task.update_progress percentComplete","duration":1249.9141,"failureMessages":[],"meta":{}},{"ancestorTitles":["planning API routes"],"fullName":"planning API routes reverts the last planning commit via compensating commands","status":"passed","title":"reverts the last planning commit via compensating commands","duration":1318.9308999999994,"failureMessages":[],"meta":{}},{"ancestorTitles":["planning API routes"],"fullName":"planning API routes requires resource management permission to create and read auto-solver runs","status":"passed","title":"requires resource management permission to create and read auto-solver runs","duration":959.4517999999989,"failureMessages":[],"meta":{}},{"ancestorTitles":["planning API routes"],"fullName":"planning API routes requires plan management permission when assigned task creation also allocates resources","status":"passed","title":"requires plan management permission when assigned task creation also allocates resources","duration":1100.5542999999998,"failureMessages":[],"meta":{}},{"ancestorTitles":["planning API routes"],"fullName":"planning API routes returns baseline comparison in the planning read-model","status":"passed","title":"returns baseline comparison in the planning read-model","duration":1454.1010999999999,"failureMessages":[],"meta":{}},{"ancestorTitles":["planning API routes"],"fullName":"planning API routes shows zero deltas immediately after capturing a baseline","status":"passed","title":"shows zero deltas immediately after capturing a baseline","duration":1523.2356999999975,"failureMessages":[],"meta":{}},{"ancestorTitles":["planning API routes"],"fullName":"planning API routes emits distinct audit actions for archived and hard-deleted planning tasks","status":"passed","title":"emits distinct audit actions for archived and hard-deleted planning tasks","duration":1563.8503000000019,"failureMessages":[],"meta":{}},{"ancestorTitles":["planning API routes"],"fullName":"planning API routes requires plan read permission before returning command preview read models","status":"passed","title":"requires plan read permission before returning command preview read models","duration":924.582699999999,"failureMessages":[],"meta":{}},{"ancestorTitles":["planning API routes"],"fullName":"planning API routes requires plan read permission before returning apply and scenario planning details","status":"passed","title":"requires plan read permission before returning apply and scenario planning details","duration":1193.5913,"failureMessages":[],"meta":{}},{"ancestorTitles":["planning API routes"],"fullName":"planning API routes returns planning validation errors for invalid commands without mutating plan state","status":"passed","title":"returns planning validation errors for invalid commands without mutating plan state","duration":1348.8989000000001,"failureMessages":[],"meta":{}},{"ancestorTitles":["planning API routes"],"fullName":"planning API routes applies command batch atomically with idempotency and version conflict","status":"passed","title":"applies command batch atomically with idempotency and version conflict","duration":1462.4415000000008,"failureMessages":[],"meta":{}},{"ancestorTitles":["planning API routes"],"fullName":"planning API routes deduplicates concurrent apply-command-batch requests with the same idempotency key","status":"passed","title":"deduplicates concurrent apply-command-batch requests with the same idempotency key","duration":1114.0432,"failureMessages":[],"meta":{}},{"ancestorTitles":["planning API routes"],"fullName":"planning API routes deduplicates concurrent baseline.capture apply requests with the same idempotency key","status":"passed","title":"deduplicates concurrent baseline.capture apply requests with the same idempotency key","duration":1241.2921999999999,"failureMessages":[],"meta":{}},{"ancestorTitles":["planning API routes"],"fullName":"planning API routes deduplicates concurrent task.update_schedule apply requests with the same idempotency key","status":"passed","title":"deduplicates concurrent task.update_schedule apply requests with the same idempotency key","duration":1120.7255000000005,"failureMessages":[],"meta":{}},{"ancestorTitles":["planning API routes"],"fullName":"planning API routes keeps scenario apply single-use under concurrent duplicate requests","status":"passed","title":"keeps scenario apply single-use under concurrent duplicate requests","duration":1275.6870999999992,"failureMessages":[],"meta":{}},{"ancestorTitles":["planning API routes"],"fullName":"planning API routes rejects batch when a middle command has blocking validation","status":"passed","title":"rejects batch when a middle command has blocking validation","duration":1362.0865999999987,"failureMessages":[],"meta":{}},{"ancestorTitles":["planning API routes"],"fullName":"planning API routes lists planning baselines for a project","status":"passed","title":"lists planning baselines for a project","duration":967.9067000000032,"failureMessages":[],"meta":{}},{"ancestorTitles":["planning API routes"],"fullName":"planning API routes opens planning events SSE stream for authorized reader","status":"passed","title":"opens planning events SSE stream for authorized reader","duration":904.4029999999984,"failureMessages":[],"meta":{}},{"ancestorTitles":["planning API routes"],"fullName":"planning API routes lists and creates saved views with stable API keys","status":"passed","title":"lists and creates saved views with stable API keys","duration":1102.8417000000009,"failureMessages":[],"meta":{}},{"ancestorTitles":["planning API routes"],"fullName":"planning API routes allows plan-only reader to load read-model and SSE without resource read","status":"passed","title":"allows plan-only reader to load read-model and SSE without resource read","duration":891.4108000000015,"failureMessages":[],"meta":{}},{"ancestorTitles":["planning API routes"],"fullName":"planning API routes applies project.settings.update with audit and plan recalc","status":"passed","title":"applies project.settings.update with audit and plan recalc","duration":985.9544000000024,"failureMessages":[],"meta":{}}],"startTime":1783638155980,"endTime":1783638186175.9543,"status":"passed","message":"","name":"E:/KISS-PM/apps/api/src/planningRoutes.db.test.ts"},{"assertionResults":[{"ancestorTitles":["project work API routes"],"fullName":"project work API routes rejects malformed project work route identifiers before persistence lookup","status":"passed","title":"rejects malformed project work route identifiers before persistence lookup","duration":1028.8183000000001,"failureMessages":[],"meta":{}},{"ancestorTitles":["project work API routes"],"fullName":"project work API routes creates a project task, returns it in project detail and My Work, and writes audit","status":"passed","title":"creates a project task, returns it in project detail and My Work, and writes audit","duration":1065.8152999999998,"failureMessages":[],"meta":{}},{"ancestorTitles":["project work API routes"],"fullName":"project work API routes keeps project task duplicate create conflict-safe and archive idempotent","status":"passed","title":"keeps project task duplicate create conflict-safe and archive idempotent","duration":1076.3682000000003,"failureMessages":[],"meta":{}},{"ancestorTitles":["project work API routes"],"fullName":"project work API routes requires resource management permission when task creation creates executor assignments","status":"passed","title":"requires resource management permission when task creation creates executor assignments","duration":1135.0132000000003,"failureMessages":[],"meta":{}},{"ancestorTitles":["project work API routes"],"fullName":"project work API routes creates projectless task CRUD records inside the workspace inbox planning project","status":"passed","title":"creates projectless task CRUD records inside the workspace inbox planning project","duration":1301.9119,"failureMessages":[],"meta":{}},{"ancestorTitles":["project work API routes"],"fullName":"project work API routes lets an assigned executor transition their task status and writes audit","status":"passed","title":"lets an assigned executor transition their task status and writes audit","duration":949.1890999999996,"failureMessages":[],"meta":{}},{"ancestorTitles":["project work API routes"],"fullName":"project work API routes keeps acceptance-required tasks on review until requester accepts the result","status":"passed","title":"keeps acceptance-required tasks on review until requester accepts the result","duration":1187.4159999999993,"failureMessages":[],"meta":{}},{"ancestorTitles":["project work API routes"],"fullName":"project work API routes manages tenant task statuses and keeps system statuses required","status":"passed","title":"manages tenant task statuses and keeps system statuses required","duration":973.3277999999991,"failureMessages":[],"meta":{}},{"ancestorTitles":["project work API routes"],"fullName":"project work API routes keeps task status duplicate writes conflict-safe and archive idempotent","status":"passed","title":"keeps task status duplicate writes conflict-safe and archive idempotent","duration":1050.3436000000002,"failureMessages":[],"meta":{}},{"ancestorTitles":["project work API routes"],"fullName":"project work API routes lets requester accept review tasks without manage permission","status":"passed","title":"lets requester accept review tasks without manage permission","duration":1170.5864000000001,"failureMessages":[],"meta":{}},{"ancestorTitles":["project work API routes"],"fullName":"project work API routes persists task comments for task participants and blocks unrelated readers","status":"passed","title":"persists task comments for task participants and blocks unrelated readers","duration":1192.7536,"failureMessages":[],"meta":{}},{"ancestorTitles":["project work API routes"],"fullName":"project work API routes keeps duplicate task comment requests idempotent by client request id","status":"passed","title":"keeps duplicate task comment requests idempotent by client request id","duration":979.5866999999998,"failureMessages":[],"meta":{}},{"ancestorTitles":["project work API routes"],"fullName":"project work API routes rejects a reused task comment client request id with a different body (409)","status":"passed","title":"rejects a reused task comment client request id with a different body (409)","duration":1041.7880999999998,"failureMessages":[],"meta":{}},{"ancestorTitles":["project work API routes"],"fullName":"project work API routes blocks task field edits and archive for executors without edit/delete permission","status":"passed","title":"blocks task field edits and archive for executors without edit/delete permission","duration":1096.7652999999991,"failureMessages":[],"meta":{}},{"ancestorTitles":["project work API routes"],"fullName":"project work API routes requires resource manage permission for task PATCH participant assignment changes","status":"passed","title":"requires resource manage permission for task PATCH participant assignment changes","duration":1107.2913999999982,"failureMessages":[],"meta":{}},{"ancestorTitles":["project work API routes"],"fullName":"project work API routes rejects stale task PATCH versions before applying planning compatibility commands","status":"passed","title":"rejects stale task PATCH versions before applying planning compatibility commands","duration":1235.5238000000027,"failureMessages":[],"meta":{}},{"ancestorTitles":["project work API routes"],"fullName":"project work API routes keeps concurrent duplicate task PATCH updates single-use","status":"passed","title":"keeps concurrent duplicate task PATCH updates single-use","duration":1165.466199999999,"failureMessages":[],"meta":{}},{"ancestorTitles":["project work API routes"],"fullName":"project work API routes rejects stale task PATCH after planning assignment changes","status":"passed","title":"rejects stale task PATCH after planning assignment changes","duration":1053.1651999999995,"failureMessages":[],"meta":{}},{"ancestorTitles":["project work API routes"],"fullName":"project work API routes requires explicit delete permission to archive requester-owned tasks","status":"passed","title":"requires explicit delete permission to archive requester-owned tasks","duration":975.5796000000009,"failureMessages":[],"meta":{}},{"ancestorTitles":["project work API routes"],"fullName":"project work API routes lets manage-only actors transition task status without project read permission","status":"passed","title":"lets manage-only actors transition task status without project read permission","duration":1091.8827999999994,"failureMessages":[],"meta":{}},{"ancestorTitles":["project work API routes"],"fullName":"project work API routes denies task status transition for non-participant readers","status":"passed","title":"denies task status transition for non-participant readers","duration":1012.5792999999976,"failureMessages":[],"meta":{}},{"ancestorTitles":["project work API routes"],"fullName":"project work API routes denies task status transition for observer participants","status":"passed","title":"denies task status transition for observer participants","duration":1247.2112000000016,"failureMessages":[],"meta":{}},{"ancestorTitles":["project work API routes"],"fullName":"project work API routes rejects unsupported task statuses","status":"passed","title":"rejects unsupported task statuses","duration":1029.9107999999978,"failureMessages":[],"meta":{}},{"ancestorTitles":["project work API routes"],"fullName":"project work API routes rejects status rollbacks after task completion","status":"passed","title":"rejects status rollbacks after task completion","duration":1073.2506999999969,"failureMessages":[],"meta":{}},{"ancestorTitles":["project work API routes"],"fullName":"project work API routes requires same-origin action header for task status transitions","status":"passed","title":"requires same-origin action header for task status transitions","duration":822.9586000000018,"failureMessages":[],"meta":{}},{"ancestorTitles":["project work API routes"],"fullName":"project work API routes enforces project read and manage permissions","status":"passed","title":"enforces project read and manage permissions","duration":999.4091999999982,"failureMessages":[],"meta":{}}],"startTime":1783638188446,"endTime":1783638216513.4092,"status":"passed","message":"","name":"E:/KISS-PM/apps/api/src/projectWorkRoutes.db.test.ts"}]}